
 [ 2016-06-30 15:02:58,250 - org.bluemeric.utility.Utility - login ] - [ INFO ] - Login successfully 

 [ 2016-06-30 15:05:29,590 - org.bluemeric.utility.Utility - login ] - [ INFO ] - Login successfully 

 [ 2016-06-30 15:07:03,649 - org.bluemeric.utility.Utility - login ] - [ INFO ] - Login successfully 

 [ 2016-06-30 15:09:37,773 - org.bluemeric.utility.Utility - login ] - [ INFO ] - Login successfully 

 [ 2016-06-30 15:11:16,362 - org.bluemeric.utility.Utility - login ] - [ INFO ] - Login successfully 

 [ 2016-06-30 15:31:12,697 - org.bluemeric.utility.Utility - login ] - [ INFO ] - Login successfully 

 [ 2016-06-30 15:38:18,112 - org.bluemeric.utility.Utility - login ] - [ INFO ] - Login successfully 

 [ 2016-06-30 15:40:45,548 - org.bluemeric.utility.Utility - login ] - [ INFO ] - Login successfully 

 [ 2016-06-30 16:09:38,176 - org.bluemeric.utility.Utility - login ] - [ INFO ] - Login successfully 

 [ 2016-06-30 16:12:00,637 - org.bluemeric.utility.Utility - login ] - [ INFO ] - Login successfully 

 [ 2016-06-30 16:22:42,345 - org.bluemeric.utility.Utility - login ] - [ INFO ] - Login successfully 

 [ 2016-06-30 16:33:15,719 - org.bluemeric.utility.Utility - login ] - [ INFO ] - Login successfully 

 [ 2016-06-30 16:34:53,951 - org.bluemeric.utility.Utility - login ] - [ INFO ] - Login successfully 

 [ 2016-06-30 16:37:03,231 - org.bluemeric.utility.Utility - login ] - [ INFO ] - Login successfully 

 [ 2016-06-30 16:38:39,720 - org.bluemeric.utility.Utility - login ] - [ INFO ] - Login successfully 

 [ 2016-06-30 16:45:47,447 - org.bluemeric.utility.Utility - login ] - [ INFO ] - Login successfully 

 [ 2016-06-30 16:48:10,370 - org.bluemeric.utility.Utility - login ] - [ INFO ] - Login successfully 

 [ 2016-06-30 16:51:06,462 - org.bluemeric.utility.Utility - login ] - [ INFO ] - Login successfully 

 [ 2016-06-30 16:52:41,231 - org.bluemeric.utility.Utility - login ] - [ INFO ] - Login successfully 

 [ 2016-06-30 16:54:14,137 - org.bluemeric.utility.Utility - login ] - [ INFO ] - Login successfully 

 [ 2016-06-30 16:59:35,664 - org.bluemeric.utility.Utility - login ] - [ INFO ] - Login successfully 

 [ 2016-06-30 17:04:10,931 - org.bluemeric.utility.Utility - login ] - [ INFO ] - Login successfully 

 [ 2016-06-30 17:10:51,070 - org.bluemeric.utility.Utility - login ] - [ INFO ] - Login successfully 

 [ 2016-06-30 17:22:39,467 - org.bluemeric.utility.Utility - login ] - [ INFO ] - Login successfully 

 [ 2016-06-30 17:27:37,458 - org.bluemeric.utility.Utility - login ] - [ INFO ] - Login successfully 

 [ 2016-06-30 17:37:08,156 - org.bluemeric.utility.Utility - login ] - [ INFO ] - Login successfully 

 [ 2016-06-30 17:52:05,200 - org.bluemeric.utility.Utility - login ] - [ INFO ] - Login successfully 

 [ 2016-06-30 18:00:41,971 - org.bluemeric.utility.Utility - login ] - [ INFO ] - Login successfully 

 [ 2016-06-30 18:03:13,061 - org.bluemeric.utility.Utility - login ] - [ INFO ] - Login successfully 

 [ 2016-06-30 18:09:40,388 - org.bluemeric.utility.Utility - login ] - [ INFO ] - Login successfully 

 [ 2016-06-30 18:12:21,033 - org.bluemeric.utility.Utility - login ] - [ INFO ] - Login successfully 

 [ 2016-06-30 18:24:03,592 - org.bluemeric.utility.Utility - login ] - [ INFO ] - Login successfully 

 [ 2016-06-30 18:28:30,349 - org.bluemeric.utility.Utility - login ] - [ INFO ] - Login successfully 

 [ 2016-06-30 18:32:10,870 - org.bluemeric.utility.Utility - login ] - [ INFO ] - Login successfully 

 [ 2016-06-30 19:18:52,269 - org.bluemeric.utility.Utility - login ] - [ INFO ] - Login successfully 

 [ 2016-06-30 19:22:53,208 - org.bluemeric.utility.Utility - login ] - [ INFO ] - Login successfully 

 [ 2016-06-30 19:41:32,312 - org.bluemeric.utility.Utility - login ] - [ INFO ] - Login successfully 

 [ 2016-06-30 21:10:58,610 - org.bluemeric.utility.Utility - login ] - [ INFO ] - Login successfully 

 [ 2016-06-30 21:19:39,521 - org.bluemeric.utility.Utility - login ] - [ INFO ] - Login successfully 

 [ 2016-06-30 21:23:42,358 - org.bluemeric.utility.Utility - login ] - [ INFO ] - Login successfully 

 [ 2016-06-30 22:27:03,680 - org.bluemeric.utility.Utility - login ] - [ INFO ] - Login successfully 

 [ 2016-06-30 22:31:09,341 - org.bluemeric.utility.Utility - login ] - [ INFO ] - Login successfully 

 [ 2016-06-30 22:39:23,098 - org.bluemeric.utility.Utility - login ] - [ INFO ] - Login successfully 

 [ 2016-06-30 22:43:25,448 - org.bluemeric.utility.Utility - login ] - [ INFO ] - Login successfully 

 [ 2016-07-01 09:59:29,817 - org.bluemeric.utility.Utility - login ] - [ INFO ] - Login successfully 

 [ 2016-07-01 10:03:15,513 - org.bluemeric.utility.Utility - login ] - [ INFO ] - Login successfully 

 [ 2016-07-01 10:07:49,290 - org.bluemeric.utility.Utility - login ] - [ INFO ] - Login successfully 

 [ 2016-07-01 10:10:22,580 - org.bluemeric.utility.Utility - login ] - [ INFO ] - Login successfully 

 [ 2016-07-01 10:20:24,754 - org.bluemeric.utility.Utility - login ] - [ INFO ] - Login successfully 

 [ 2016-07-01 10:23:34,233 - org.bluemeric.utility.Utility - login ] - [ INFO ] - Login successfully 

 [ 2016-07-01 10:28:22,861 - org.bluemeric.utility.Utility - login ] - [ INFO ] - Login successfully 

 [ 2016-07-01 10:32:21,661 - org.bluemeric.utility.Utility - login ] - [ INFO ] - Login successfully 

 [ 2016-07-01 10:37:50,430 - org.bluemeric.utility.Utility - login ] - [ INFO ] - Login successfully 

 [ 2016-07-01 10:42:13,543 - org.bluemeric.utility.Utility - login ] - [ INFO ] - Login successfully 

 [ 2016-07-01 10:50:38,482 - org.bluemeric.utility.Utility - login ] - [ INFO ] - Login successfully 

 [ 2016-07-01 10:53:49,331 - org.bluemeric.utility.Utility - login ] - [ INFO ] - Login successfully 

 [ 2016-07-01 11:12:09,903 - org.bluemeric.utility.Utility - login ] - [ INFO ] - Login successfully 

 [ 2016-07-01 11:30:31,415 - org.bluemeric.utility.Utility - login ] - [ INFO ] - Login successfully 

 [ 2016-07-01 11:33:42,428 - org.bluemeric.utility.Utility - login ] - [ INFO ] - Login successfully 

 [ 2016-07-01 11:37:47,326 - org.bluemeric.utility.Utility - login ] - [ INFO ] - Login successfully 

 [ 2016-07-01 11:40:57,226 - org.bluemeric.utility.Utility - login ] - [ INFO ] - Login successfully 

 [ 2016-07-01 13:29:24,255 - org.bluemeric.utility.Utility - login ] - [ INFO ] - Login successfully 

 [ 2016-07-01 14:41:51,970 - org.bluemeric.utility.Utility - login ] - [ INFO ] - Login successfully 

 [ 2016-07-01 14:45:05,562 - org.bluemeric.utility.Utility - login ] - [ INFO ] - Login successfully 

 [ 2016-07-01 15:03:17,151 - org.bluemeric.utility.Utility - login ] - [ INFO ] - Login successfully 

 [ 2016-07-01 15:07:34,151 - org.bluemeric.utility.Utility - login ] - [ INFO ] - Login successfully 

 [ 2016-07-01 17:26:25,926 - org.bluemeric.utility.Utility - login ] - [ INFO ] - Login successfully 

 [ 2016-07-01 17:35:01,260 - org.bluemeric.utility.Utility - login ] - [ INFO ] - Login successfully 

 [ 2016-07-01 17:38:29,285 - org.bluemeric.utility.Utility - login ] - [ INFO ] - Login successfully 

 [ 2016-07-01 17:44:25,233 - org.bluemeric.utility.Utility - login ] - [ INFO ] - Login successfully 

 [ 2016-07-01 17:44:58,751 - org.bluemeric.utility.Utility - login ] - [ INFO ] - Login successfully 

 [ 2016-07-01 17:45:43,856 - org.bluemeric.utility.Utility - login ] - [ INFO ] - Login successfully 

 [ 2016-07-01 17:48:52,615 - org.bluemeric.utility.Utility - login ] - [ INFO ] - Login successfully 

 [ 2016-07-01 17:49:47,786 - org.bluemeric.utility.Utility - login ] - [ INFO ] - Login successfully 

 [ 2016-07-01 17:52:57,404 - org.bluemeric.utility.Utility - login ] - [ INFO ] - Login successfully 

 [ 2016-07-01 18:32:13,655 - org.bluemeric.utility.Utility - login ] - [ INFO ] - Login successfully 

 [ 2016-07-01 18:39:41,109 - org.bluemeric.utility.Utility - login ] - [ INFO ] - Login successfully 

 [ 2016-07-01 18:50:30,633 - org.bluemeric.utility.Utility - login ] - [ INFO ] - Login successfully 

 [ 2016-07-01 18:53:40,794 - org.bluemeric.utility.Utility - login ] - [ INFO ] - Login successfully 

 [ 2016-07-01 20:38:16,232 - org.bluemeric.utility.Utility - login ] - [ INFO ] - Login successfully 

 [ 2016-07-01 20:39:12,250 - org.bluemeric.utility.Utility - login ] - [ INFO ] - Login successfully 

 [ 2016-07-01 20:45:40,576 - org.bluemeric.utility.Utility - login ] - [ INFO ] - Login successfully 

 [ 2016-07-01 20:54:27,243 - org.bluemeric.utility.Utility - login ] - [ INFO ] - Login successfully 

 [ 2016-07-01 21:00:38,481 - org.bluemeric.utility.Utility - login ] - [ INFO ] - Login successfully 

 [ 2016-07-01 21:09:37,665 - org.bluemeric.utility.Utility - login ] - [ INFO ] - Login successfully 

 [ 2016-07-01 22:04:02,777 - org.bluemeric.utility.Utility - login ] - [ INFO ] - Login successfully 

 [ 2016-07-01 22:15:33,830 - org.bluemeric.utility.Utility - login ] - [ INFO ] - Login successfully 

 [ 2016-07-01 22:38:13,575 - org.bluemeric.utility.Utility - login ] - [ INFO ] - Login successfully 

 [ 2016-07-01 22:44:37,682 - org.bluemeric.utility.Utility - login ] - [ INFO ] - Login successfully 

 [ 2016-07-01 22:45:53,085 - org.bluemeric.utility.Utility - login ] - [ INFO ] - Login successfully 

 [ 2016-07-01 22:47:15,000 - org.bluemeric.utility.Utility - login ] - [ INFO ] - Login successfully 

 [ 2016-07-01 22:48:45,740 - org.bluemeric.utility.Utility - login ] - [ INFO ] - Login successfully 

 [ 2016-07-01 22:49:49,499 - org.bluemeric.utility.Utility - login ] - [ INFO ] - Login successfully 

 [ 2016-07-01 22:50:57,730 - org.bluemeric.utility.Utility - login ] - [ INFO ] - Login successfully 

 [ 2016-07-01 22:53:19,446 - org.bluemeric.utility.Utility - login ] - [ INFO ] - Login successfully 

 [ 2016-07-01 22:56:47,391 - org.bluemeric.utility.Utility - login ] - [ INFO ] - Login successfully 

 [ 2016-07-01 22:58:41,907 - org.bluemeric.utility.Utility - login ] - [ INFO ] - Login successfully 

 [ 2016-07-01 22:59:55,840 - org.bluemeric.utility.Utility - login ] - [ INFO ] - Login successfully 

 [ 2016-07-01 23:01:21,081 - org.bluemeric.utility.Utility - login ] - [ INFO ] - Login successfully 

 [ 2016-07-01 23:05:07,097 - org.bluemeric.utility.Utility - login ] - [ INFO ] - Login successfully 

 [ 2016-07-01 23:11:11,510 - org.bluemeric.utility.Utility - login ] - [ INFO ] - Login successfully 

 [ 2016-07-01 23:11:53,832 - org.bluemeric.utility.Utility - login ] - [ INFO ] - Login successfully 

 [ 2016-07-01 23:14:24,764 - org.bluemeric.utility.Utility - login ] - [ INFO ] - Login successfully 

 [ 2016-07-01 23:15:16,187 - org.bluemeric.utility.Utility - login ] - [ INFO ] - Login successfully 

 [ 2016-07-01 23:16:41,449 - org.bluemeric.utility.Utility - login ] - [ INFO ] - Login successfully 

 [ 2016-07-01 23:19:52,949 - org.bluemeric.utility.Utility - login ] - [ INFO ] - Login successfully 

 [ 2016-07-01 23:21:40,605 - org.bluemeric.utility.Utility - login ] - [ INFO ] - Login successfully 

 [ 2016-07-01 23:22:28,776 - org.bluemeric.utility.Utility - login ] - [ INFO ] - Login successfully 

 [ 2016-07-01 23:22:48,234 - org.bluemeric.utility.Utility - login ] - [ INFO ] - Login successfully 

 [ 2016-07-01 23:37:46,334 - org.bluemeric.utility.Utility - login ] - [ INFO ] - Login successfully 

 [ 2016-07-01 23:38:42,265 - org.bluemeric.utility.Utility - login ] - [ INFO ] - Login successfully 

 [ 2016-07-01 23:39:32,898 - org.bluemeric.utility.Utility - login ] - [ INFO ] - Login successfully 

 [ 2016-07-02 00:06:11,935 - org.bluemeric.utility.Utility - login ] - [ INFO ] - Login successfully 

 [ 2016-07-02 00:07:04,460 - org.bluemeric.utility.Utility - login ] - [ INFO ] - Login successfully 

 [ 2016-07-02 00:08:06,322 - org.bluemeric.utility.Utility - login ] - [ INFO ] - Login successfully 

 [ 2016-07-02 12:24:52,743 - org.bluemeric.utility.Utility - login ] - [ INFO ] - Login successfully 

 [ 2016-07-02 12:25:54,423 - org.bluemeric.utility.Utility - login ] - [ INFO ] - Login successfully 

 [ 2016-07-02 12:27:10,034 - org.bluemeric.utility.Utility - login ] - [ INFO ] - Login successfully 

 [ 2016-07-02 12:27:35,250 - org.bluemeric.utility.Utility - login ] - [ INFO ] - Login successfully 

 [ 2016-07-02 12:29:44,880 - org.bluemeric.utility.Utility - login ] - [ INFO ] - Login successfully 

 [ 2016-07-02 12:30:12,109 - org.bluemeric.utility.Utility - login ] - [ INFO ] - Login successfully 

 [ 2016-07-02 12:32:34,750 - org.bluemeric.utility.Utility - login ] - [ INFO ] - Login successfully 

 [ 2016-07-02 12:33:02,426 - org.bluemeric.utility.Utility - login ] - [ INFO ] - Login successfully 

 [ 2016-07-02 15:22:59,394 - org.bluemeric.utility.Utility - login ] - [ INFO ] - Login successfully 

 [ 2016-07-02 15:35:57,029 - org.bluemeric.utility.Utility - login ] - [ INFO ] - Login successfully 

 [ 2016-07-02 15:36:20,596 - org.bluemeric.utility.Utility - login ] - [ INFO ] - Login successfully 

 [ 2016-07-02 15:39:31,754 - org.bluemeric.utility.Utility - login ] - [ INFO ] - Login successfully 

 [ 2016-07-02 15:40:04,601 - org.bluemeric.utility.Utility - login ] - [ INFO ] - Login successfully 

 [ 2016-07-02 15:46:57,480 - org.bluemeric.utility.Utility - login ] - [ INFO ] - Login successfully 

 [ 2016-07-02 15:47:21,389 - org.bluemeric.utility.Utility - login ] - [ INFO ] - Login successfully 

 [ 2016-07-02 15:51:23,269 - org.bluemeric.utility.Utility - login ] - [ INFO ] - Login successfully 

 [ 2016-07-02 15:51:44,700 - org.bluemeric.utility.Utility - login ] - [ INFO ] - Login successfully 

 [ 2016-07-02 15:54:47,890 - org.bluemeric.utility.Utility - login ] - [ INFO ] - Login successfully 

 [ 2016-07-02 15:55:12,007 - org.bluemeric.utility.Utility - login ] - [ INFO ] - Login successfully 

 [ 2016-07-02 16:02:46,514 - org.bluemeric.utility.Utility - login ] - [ INFO ] - Login successfully 

 [ 2016-07-02 16:03:11,942 - org.bluemeric.utility.Utility - login ] - [ INFO ] - Login successfully 

 [ 2016-07-02 16:12:58,211 - org.bluemeric.utility.Utility - login ] - [ INFO ] - Login successfully 

 [ 2016-07-02 16:13:19,597 - org.bluemeric.utility.Utility - login ] - [ INFO ] - Login successfully 

 [ 2016-07-02 16:14:38,663 - org.bluemeric.utility.Utility - login ] - [ INFO ] - Login successfully 

 [ 2016-07-02 16:15:01,176 - org.bluemeric.utility.Utility - login ] - [ INFO ] - Login successfully 

 [ 2016-07-02 18:50:56,711 - org.bluemeric.utility.Utility - login ] - [ INFO ] - Login successfully 

 [ 2016-07-02 19:03:48,686 - org.bluemeric.utility.Utility - searchDesign ] - [ INFO ] - search design successfully 

 [ 2016-07-02 19:05:42,409 - org.bluemeric.utility.Utility - login ] - [ INFO ] - Login successfully 

 [ 2016-07-02 20:13:50,231 - org.bluemeric.utility.Utility - login ] - [ INFO ] - Login successfully 

 [ 2016-07-02 20:15:16,383 - org.bluemeric.utility.Utility - login ] - [ INFO ] - Login successfully 

 [ 2016-07-02 20:18:42,320 - org.bluemeric.utility.Utility - login ] - [ INFO ] - Login successfully 

 [ 2016-07-02 20:20:06,849 - org.bluemeric.utility.Utility - login ] - [ INFO ] - Login successfully 

 [ 2016-07-02 20:25:08,845 - org.bluemeric.utility.Utility - login ] - [ INFO ] - Login successfully 

 [ 2016-07-02 20:26:29,960 - org.bluemeric.utility.Utility - login ] - [ INFO ] - Login successfully 

 [ 2016-07-02 20:41:04,449 - org.bluemeric.utility.Utility - login ] - [ INFO ] - Login successfully 

 [ 2016-07-02 20:42:27,501 - org.bluemeric.utility.Utility - login ] - [ INFO ] - Login successfully 

 [ 2016-07-02 20:46:13,576 - org.bluemeric.utility.Utility - login ] - [ INFO ] - Login successfully 

 [ 2016-07-02 20:47:37,298 - org.bluemeric.utility.Utility - login ] - [ INFO ] - Login successfully 

 [ 2016-07-02 21:01:34,961 - org.bluemeric.utility.Utility - login ] - [ INFO ] - Login successfully 

 [ 2016-07-02 21:12:37,886 - org.bluemeric.utility.Utility - searchDesign ] - [ INFO ] - search design successfully 

 [ 2016-07-02 21:15:48,305 - org.bluemeric.utility.Utility - login ] - [ INFO ] - Login successfully 

 [ 2016-07-02 22:01:27,181 - org.bluemeric.utility.Utility - login ] - [ INFO ] - Login successfully 

 [ 2016-07-02 22:57:53,210 - org.bluemeric.utility.Utility - login ] - [ INFO ] - Login successfully 

 [ 2016-07-02 23:16:45,057 - org.bluemeric.utility.Utility - login ] - [ INFO ] - Login successfully 

 [ 2016-07-02 23:17:05,045 - org.bluemeric.utility.Utility - login ] - [ INFO ] - Login successfully 

 [ 2016-07-02 23:19:08,360 - org.bluemeric.utility.Utility - login ] - [ INFO ] - Login successfully 

 [ 2016-07-02 23:23:54,801 - org.bluemeric.utility.Utility - login ] - [ INFO ] - Login successfully 

 [ 2016-07-02 23:28:05,934 - org.bluemeric.utility.Utility - login ] - [ INFO ] - Login successfully 

 [ 2016-07-04 10:11:17,571 - org.bluemeric.utility.Utility - login ] - [ INFO ] - Login successfully 

 [ 2016-07-04 10:12:24,180 - org.bluemeric.utility.Utility - login ] - [ INFO ] - Login successfully 

 [ 2016-07-04 10:16:58,026 - org.bluemeric.utility.Utility - login ] - [ INFO ] - Login successfully 

 [ 2016-07-04 10:20:42,722 - org.bluemeric.utility.Utility - login ] - [ INFO ] - Login successfully 

 [ 2016-07-04 17:12:18,109 - org.bluemeric.utility.Utility - searchDesign ] - [ INFO ] - search design successfully 

 [ 2016-07-04 17:23:59,735 - org.bluemeric.utility.Utility - searchDesign ] - [ INFO ] - search design successfully 

 [ 2016-07-04 17:30:24,229 - org.bluemeric.utility.Utility - searchDesign ] - [ INFO ] - search design successfully 

 [ 2016-07-04 18:10:44,588 - org.bluemeric.utility.Utility - searchDesign ] - [ INFO ] - search design successfully 

 [ 2016-07-04 18:24:46,925 - org.bluemeric.utility.Utility - searchDesign ] - [ INFO ] - search design successfully 

 [ 2016-07-04 18:25:28,851 - org.bluemeric.utility.Utility - launchApp ] - [ INFO ] - search design successfully 

 [ 2016-07-04 18:28:42,267 - org.bluemeric.utility.Utility - searchDesign ] - [ INFO ] - search design successfully 

 [ 2016-07-04 19:34:17,164 - org.bluemeric.utility.Utility - searchDesign ] - [ INFO ] - search design successfully 

 [ 2016-07-04 19:39:19,198 - org.bluemeric.utility.Utility - searchDesign ] - [ INFO ] - search design successfully 

 [ 2016-07-04 20:01:26,426 - org.bluemeric.utility.Utility - searchDesign ] - [ INFO ] - search design successfully 

 [ 2016-07-04 20:06:27,987 - org.bluemeric.utility.Utility - searchDesign ] - [ INFO ] - search design successfully 

 [ 2016-07-04 20:44:04,264 - org.bluemeric.utility.Utility - searchDesign ] - [ INFO ] - search design successfully 

 [ 2016-07-04 20:49:05,733 - org.bluemeric.utility.Utility - searchDesign ] - [ INFO ] - search design successfully 

 [ 2016-07-04 20:49:46,960 - org.bluemeric.utility.Utility - launchApp ] - [ INFO ] - search design successfully 

 [ 2016-07-04 20:53:01,282 - org.bluemeric.utility.Utility - searchDesign ] - [ INFO ] - search design successfully 

 [ 2016-07-04 20:53:01,373 - org.bluemeric.utility.Utility - launchValidation ] - [ INFO ] - search design successfully 

 [ 2016-07-04 20:56:03,475 - org.bluemeric.utility.Utility - searchDesign ] - [ INFO ] - search design successfully 

 [ 2016-07-04 20:56:55,871 - org.bluemeric.utility.Utility - accessValidation ] - [ INFO ] - search design successfully 

 [ 2016-07-04 21:00:08,675 - org.bluemeric.utility.Utility - searchDesign ] - [ INFO ] - search design successfully 

 [ 2016-07-04 21:03:21,234 - org.bluemeric.utility.Utility - deleteValidation ] - [ INFO ] - search design successfully 

 [ 2016-07-04 21:13:39,830 - org.bluemeric.utility.Utility - searchDesign ] - [ INFO ] - search design successfully 

 [ 2016-07-04 21:18:41,398 - org.bluemeric.utility.Utility - searchDesign ] - [ INFO ] - search design successfully 

 [ 2016-07-04 21:19:22,805 - org.bluemeric.utility.Utility - launchApp ] - [ INFO ] - search design successfully 

 [ 2016-07-04 21:22:36,924 - org.bluemeric.utility.Utility - searchDesign ] - [ INFO ] - search design successfully 

 [ 2016-07-04 21:22:37,024 - org.bluemeric.utility.Utility - launchValidation ] - [ INFO ] - search design successfully 

 [ 2016-07-04 21:25:39,375 - org.bluemeric.utility.Utility - searchDesign ] - [ INFO ] - search design successfully 

 [ 2016-07-04 21:26:30,649 - org.bluemeric.utility.Utility - accessValidation ] - [ INFO ] - search design successfully 

 [ 2016-07-04 21:29:43,510 - org.bluemeric.utility.Utility - searchDesign ] - [ INFO ] - search design successfully 

 [ 2016-07-04 21:32:56,071 - org.bluemeric.utility.Utility - deleteValidation ] - [ INFO ] - search design successfully 

 [ 2016-07-04 21:42:15,322 - org.bluemeric.utility.Utility - searchDesign ] - [ INFO ] - search design successfully 

 [ 2016-07-04 21:46:16,647 - org.bluemeric.utility.Utility - searchDesign ] - [ INFO ] - search design successfully 

 [ 2016-07-04 21:46:57,766 - org.bluemeric.utility.Utility - launchApp ] - [ INFO ] - search design successfully 

 [ 2016-07-04 21:50:12,360 - org.bluemeric.utility.Utility - searchDesign ] - [ INFO ] - search design successfully 

 [ 2016-07-04 21:50:12,469 - org.bluemeric.utility.Utility - launchValidation ] - [ INFO ] - search design successfully 

 [ 2016-07-04 21:53:14,790 - org.bluemeric.utility.Utility - searchDesign ] - [ INFO ] - search design successfully 

 [ 2016-07-04 21:54:07,624 - org.bluemeric.utility.Utility - accessValidation ] - [ INFO ] - search design successfully 

 [ 2016-07-04 21:57:20,190 - org.bluemeric.utility.Utility - searchDesign ] - [ INFO ] - search design successfully 

 [ 2016-07-04 22:00:32,793 - org.bluemeric.utility.Utility - deleteValidation ] - [ INFO ] - search design successfully 

 [ 2016-07-04 22:09:51,335 - org.bluemeric.utility.Utility - searchDesign ] - [ INFO ] - search design successfully 

 [ 2016-07-04 22:13:52,612 - org.bluemeric.utility.Utility - searchDesign ] - [ INFO ] - search design successfully 

 [ 2016-07-04 22:14:33,756 - org.bluemeric.utility.Utility - launchApp ] - [ INFO ] - search design successfully 

 [ 2016-07-04 22:17:48,181 - org.bluemeric.utility.Utility - searchDesign ] - [ INFO ] - search design successfully 

 [ 2016-07-04 22:17:48,283 - org.bluemeric.utility.Utility - launchValidation ] - [ INFO ] - search design successfully 

 [ 2016-07-04 22:20:50,716 - org.bluemeric.utility.Utility - searchDesign ] - [ INFO ] - search design successfully 

 [ 2016-07-04 22:21:43,752 - org.bluemeric.utility.Utility - accessValidation ] - [ INFO ] - search design successfully 

 [ 2016-07-04 22:24:56,188 - org.bluemeric.utility.Utility - searchDesign ] - [ INFO ] - search design successfully 

 [ 2016-07-04 22:28:08,862 - org.bluemeric.utility.Utility - deleteValidation ] - [ INFO ] - search design successfully 

 [ 2016-07-04 22:37:57,445 - org.bluemeric.utility.Utility - searchDesign ] - [ INFO ] - search design successfully 

 [ 2016-07-04 22:42:28,914 - org.bluemeric.utility.Utility - searchDesign ] - [ INFO ] - search design successfully 

 [ 2016-07-04 22:43:10,063 - org.bluemeric.utility.Utility - launchApp ] - [ INFO ] - search design successfully 

 [ 2016-07-04 22:46:24,958 - org.bluemeric.utility.Utility - searchDesign ] - [ INFO ] - search design successfully 

 [ 2016-07-04 22:46:25,063 - org.bluemeric.utility.Utility - launchValidation ] - [ INFO ] - search design successfully 

 [ 2016-07-04 22:49:27,427 - org.bluemeric.utility.Utility - searchDesign ] - [ INFO ] - search design successfully 

 [ 2016-07-04 22:50:18,707 - org.bluemeric.utility.Utility - accessValidation ] - [ INFO ] - search design successfully 

 [ 2016-07-04 22:53:31,611 - org.bluemeric.utility.Utility - searchDesign ] - [ INFO ] - search design successfully 

 [ 2016-07-04 22:56:44,382 - org.bluemeric.utility.Utility - deleteValidation ] - [ INFO ] - search design successfully 

 [ 2016-07-04 23:06:02,962 - org.bluemeric.utility.Utility - searchDesign ] - [ INFO ] - search design successfully 

 [ 2016-07-04 23:10:04,255 - org.bluemeric.utility.Utility - searchDesign ] - [ INFO ] - search design successfully 

 [ 2016-07-04 23:10:45,375 - org.bluemeric.utility.Utility - launchApp ] - [ INFO ] - search design successfully 

 [ 2016-07-04 23:17:08,910 - org.bluemeric.utility.Utility - searchDesign ] - [ INFO ] - search design successfully 

 [ 2016-07-04 23:20:21,406 - org.bluemeric.utility.Utility - deleteValidation ] - [ INFO ] - search design successfully 

 [ 2016-07-04 23:29:41,435 - org.bluemeric.utility.Utility - searchDesign ] - [ INFO ] - search design successfully 

 [ 2016-07-04 23:33:42,734 - org.bluemeric.utility.Utility - searchDesign ] - [ INFO ] - search design successfully 

 [ 2016-07-04 23:34:23,808 - org.bluemeric.utility.Utility - launchApp ] - [ INFO ] - search design successfully 

 [ 2016-07-04 23:37:37,987 - org.bluemeric.utility.Utility - searchDesign ] - [ INFO ] - search design successfully 

 [ 2016-07-04 23:40:31,373 - org.bluemeric.utility.Utility - searchDesign ] - [ INFO ] - search design successfully 

 [ 2016-07-04 23:43:23,688 - org.bluemeric.utility.Utility - searchDesign ] - [ INFO ] - search design successfully 

 [ 2016-07-04 23:46:16,663 - org.bluemeric.utility.Utility - searchDesign ] - [ INFO ] - search design successfully 

 [ 2016-07-04 23:49:08,964 - org.bluemeric.utility.Utility - searchDesign ] - [ INFO ] - search design successfully 

 [ 2016-07-04 23:52:02,318 - org.bluemeric.utility.Utility - searchDesign ] - [ INFO ] - search design successfully 

 [ 2016-07-04 23:54:55,254 - org.bluemeric.utility.Utility - searchDesign ] - [ INFO ] - search design successfully 

 [ 2016-07-04 23:57:48,268 - org.bluemeric.utility.Utility - searchDesign ] - [ INFO ] - search design successfully 

 [ 2016-07-05 00:00:41,730 - org.bluemeric.utility.Utility - searchDesign ] - [ INFO ] - search design successfully 

 [ 2016-07-05 00:03:34,680 - org.bluemeric.utility.Utility - searchDesign ] - [ INFO ] - search design successfully 

 [ 2016-07-05 00:06:27,099 - org.bluemeric.utility.Utility - searchDesign ] - [ INFO ] - search design successfully 

 [ 2016-07-05 00:09:20,371 - org.bluemeric.utility.Utility - searchDesign ] - [ INFO ] - search design successfully 

 [ 2016-07-05 00:12:13,345 - org.bluemeric.utility.Utility - searchDesign ] - [ INFO ] - search design successfully 

 [ 2016-07-05 00:15:07,230 - org.bluemeric.utility.Utility - searchDesign ] - [ INFO ] - search design successfully 

 [ 2016-07-05 00:18:00,261 - org.bluemeric.utility.Utility - searchDesign ] - [ INFO ] - search design successfully 

 [ 2016-07-05 00:20:52,642 - org.bluemeric.utility.Utility - searchDesign ] - [ INFO ] - search design successfully 

 [ 2016-07-05 00:23:45,564 - org.bluemeric.utility.Utility - searchDesign ] - [ INFO ] - search design successfully 

 [ 2016-07-05 00:26:37,986 - org.bluemeric.utility.Utility - searchDesign ] - [ INFO ] - search design successfully 

 [ 2016-07-05 00:29:30,945 - org.bluemeric.utility.Utility - searchDesign ] - [ INFO ] - search design successfully 

 [ 2016-07-05 00:32:23,269 - org.bluemeric.utility.Utility - searchDesign ] - [ INFO ] - search design successfully 

 [ 2016-07-05 00:35:15,591 - org.bluemeric.utility.Utility - searchDesign ] - [ INFO ] - search design successfully 

 [ 2016-07-05 00:38:07,888 - org.bluemeric.utility.Utility - searchDesign ] - [ INFO ] - search design successfully 

 [ 2016-07-05 00:41:00,965 - org.bluemeric.utility.Utility - searchDesign ] - [ INFO ] - search design successfully 

 [ 2016-07-05 00:43:53,843 - org.bluemeric.utility.Utility - searchDesign ] - [ INFO ] - search design successfully 

 [ 2016-07-05 00:46:46,733 - org.bluemeric.utility.Utility - searchDesign ] - [ INFO ] - search design successfully 

 [ 2016-07-05 00:49:39,131 - org.bluemeric.utility.Utility - searchDesign ] - [ INFO ] - search design successfully 

 [ 2016-07-05 00:52:31,423 - org.bluemeric.utility.Utility - searchDesign ] - [ INFO ] - search design successfully 

 [ 2016-07-05 00:55:23,741 - org.bluemeric.utility.Utility - searchDesign ] - [ INFO ] - search design successfully 

 [ 2016-07-05 00:58:16,076 - org.bluemeric.utility.Utility - searchDesign ] - [ INFO ] - search design successfully 

 [ 2016-07-05 01:01:08,346 - org.bluemeric.utility.Utility - searchDesign ] - [ INFO ] - search design successfully 

 [ 2016-07-05 01:04:00,636 - org.bluemeric.utility.Utility - searchDesign ] - [ INFO ] - search design successfully 

 [ 2016-07-05 01:06:52,920 - org.bluemeric.utility.Utility - searchDesign ] - [ INFO ] - search design successfully 

 [ 2016-07-05 01:09:45,158 - org.bluemeric.utility.Utility - searchDesign ] - [ INFO ] - search design successfully 

 [ 2016-07-05 01:12:37,446 - org.bluemeric.utility.Utility - searchDesign ] - [ INFO ] - search design successfully 

 [ 2016-07-05 01:15:30,515 - org.bluemeric.utility.Utility - searchDesign ] - [ INFO ] - search design successfully 

 [ 2016-07-05 01:18:22,908 - org.bluemeric.utility.Utility - searchDesign ] - [ INFO ] - search design successfully 

 [ 2016-07-05 01:21:15,177 - org.bluemeric.utility.Utility - searchDesign ] - [ INFO ] - search design successfully 

 [ 2016-07-05 01:24:07,630 - org.bluemeric.utility.Utility - searchDesign ] - [ INFO ] - search design successfully 

 [ 2016-07-05 01:26:59,931 - org.bluemeric.utility.Utility - searchDesign ] - [ INFO ] - search design successfully 

 [ 2016-07-05 01:29:52,240 - org.bluemeric.utility.Utility - searchDesign ] - [ INFO ] - search design successfully 

 [ 2016-07-05 01:32:54,607 - org.bluemeric.utility.Utility - searchDesign ] - [ INFO ] - search design successfully 

 [ 2016-07-05 01:35:46,880 - org.bluemeric.utility.Utility - searchDesign ] - [ INFO ] - search design successfully 

 [ 2016-07-05 01:38:39,109 - org.bluemeric.utility.Utility - searchDesign ] - [ INFO ] - search design successfully 

 [ 2016-07-05 01:41:31,274 - org.bluemeric.utility.Utility - searchDesign ] - [ INFO ] - search design successfully 

 [ 2016-07-05 01:44:23,463 - org.bluemeric.utility.Utility - searchDesign ] - [ INFO ] - search design successfully 

 [ 2016-07-05 01:47:16,465 - org.bluemeric.utility.Utility - searchDesign ] - [ INFO ] - search design successfully 

 [ 2016-07-05 01:50:08,754 - org.bluemeric.utility.Utility - searchDesign ] - [ INFO ] - search design successfully 

 [ 2016-07-05 01:53:00,985 - org.bluemeric.utility.Utility - searchDesign ] - [ INFO ] - search design successfully 

 [ 2016-07-05 01:55:53,201 - org.bluemeric.utility.Utility - searchDesign ] - [ INFO ] - search design successfully 

 [ 2016-07-05 01:58:45,390 - org.bluemeric.utility.Utility - searchDesign ] - [ INFO ] - search design successfully 

 [ 2016-07-05 02:01:37,563 - org.bluemeric.utility.Utility - searchDesign ] - [ INFO ] - search design successfully 

 [ 2016-07-05 02:04:29,836 - org.bluemeric.utility.Utility - searchDesign ] - [ INFO ] - search design successfully 

 [ 2016-07-05 02:07:22,100 - org.bluemeric.utility.Utility - searchDesign ] - [ INFO ] - search design successfully 

 [ 2016-07-05 02:10:14,350 - org.bluemeric.utility.Utility - searchDesign ] - [ INFO ] - search design successfully 

 [ 2016-07-05 02:13:06,565 - org.bluemeric.utility.Utility - searchDesign ] - [ INFO ] - search design successfully 

 [ 2016-07-05 02:16:00,229 - org.bluemeric.utility.Utility - searchDesign ] - [ INFO ] - search design successfully 

 [ 2016-07-05 02:18:52,501 - org.bluemeric.utility.Utility - searchDesign ] - [ INFO ] - search design successfully 

 [ 2016-07-05 02:21:44,924 - org.bluemeric.utility.Utility - searchDesign ] - [ INFO ] - search design successfully 

 [ 2016-07-05 02:24:37,181 - org.bluemeric.utility.Utility - searchDesign ] - [ INFO ] - search design successfully 

 [ 2016-07-05 02:27:30,243 - org.bluemeric.utility.Utility - searchDesign ] - [ INFO ] - search design successfully 

 [ 2016-07-05 02:30:22,589 - org.bluemeric.utility.Utility - searchDesign ] - [ INFO ] - search design successfully 

 [ 2016-07-05 02:33:14,749 - org.bluemeric.utility.Utility - searchDesign ] - [ INFO ] - search design successfully 

 [ 2016-07-05 02:36:07,053 - org.bluemeric.utility.Utility - searchDesign ] - [ INFO ] - search design successfully 

 [ 2016-07-05 02:38:59,305 - org.bluemeric.utility.Utility - searchDesign ] - [ INFO ] - search design successfully 

 [ 2016-07-05 02:41:51,633 - org.bluemeric.utility.Utility - searchDesign ] - [ INFO ] - search design successfully 

 [ 2016-07-05 02:44:43,840 - org.bluemeric.utility.Utility - searchDesign ] - [ INFO ] - search design successfully 

 [ 2016-07-05 02:47:36,050 - org.bluemeric.utility.Utility - searchDesign ] - [ INFO ] - search design successfully 

 [ 2016-07-05 02:50:28,260 - org.bluemeric.utility.Utility - searchDesign ] - [ INFO ] - search design successfully 

 [ 2016-07-05 02:53:20,462 - org.bluemeric.utility.Utility - searchDesign ] - [ INFO ] - search design successfully 

 [ 2016-07-05 02:56:12,674 - org.bluemeric.utility.Utility - searchDesign ] - [ INFO ] - search design successfully 

 [ 2016-07-05 02:59:04,825 - org.bluemeric.utility.Utility - searchDesign ] - [ INFO ] - search design successfully 

 [ 2016-07-05 03:01:57,129 - org.bluemeric.utility.Utility - searchDesign ] - [ INFO ] - search design successfully 

 [ 2016-07-05 03:04:49,374 - org.bluemeric.utility.Utility - searchDesign ] - [ INFO ] - search design successfully 

 [ 2016-07-05 03:07:41,571 - org.bluemeric.utility.Utility - searchDesign ] - [ INFO ] - search design successfully 

 [ 2016-07-05 03:10:33,744 - org.bluemeric.utility.Utility - searchDesign ] - [ INFO ] - search design successfully 

 [ 2016-07-05 03:13:25,942 - org.bluemeric.utility.Utility - searchDesign ] - [ INFO ] - search design successfully 

 [ 2016-07-05 03:16:19,831 - org.bluemeric.utility.Utility - searchDesign ] - [ INFO ] - search design successfully 

 [ 2016-07-05 03:19:12,075 - org.bluemeric.utility.Utility - searchDesign ] - [ INFO ] - search design successfully 

 [ 2016-07-05 03:22:04,221 - org.bluemeric.utility.Utility - searchDesign ] - [ INFO ] - search design successfully 

 [ 2016-07-05 03:24:56,524 - org.bluemeric.utility.Utility - searchDesign ] - [ INFO ] - search design successfully 

 [ 2016-07-05 03:27:48,756 - org.bluemeric.utility.Utility - searchDesign ] - [ INFO ] - search design successfully 

 [ 2016-07-05 03:30:40,986 - org.bluemeric.utility.Utility - searchDesign ] - [ INFO ] - search design successfully 

 [ 2016-07-05 03:33:33,177 - org.bluemeric.utility.Utility - searchDesign ] - [ INFO ] - search design successfully 

 [ 2016-07-05 03:36:25,414 - org.bluemeric.utility.Utility - searchDesign ] - [ INFO ] - search design successfully 

 [ 2016-07-05 03:39:17,686 - org.bluemeric.utility.Utility - searchDesign ] - [ INFO ] - search design successfully 

 [ 2016-07-05 03:42:09,896 - org.bluemeric.utility.Utility - searchDesign ] - [ INFO ] - search design successfully 

 [ 2016-07-05 03:45:03,648 - org.bluemeric.utility.Utility - searchDesign ] - [ INFO ] - search design successfully 

 [ 2016-07-05 03:47:55,810 - org.bluemeric.utility.Utility - searchDesign ] - [ INFO ] - search design successfully 

 [ 2016-07-05 03:50:48,019 - org.bluemeric.utility.Utility - searchDesign ] - [ INFO ] - search design successfully 

 [ 2016-07-05 03:53:40,259 - org.bluemeric.utility.Utility - searchDesign ] - [ INFO ] - search design successfully 

 [ 2016-07-05 03:56:32,528 - org.bluemeric.utility.Utility - searchDesign ] - [ INFO ] - search design successfully 

 [ 2016-07-05 03:59:24,745 - org.bluemeric.utility.Utility - searchDesign ] - [ INFO ] - search design successfully 

 [ 2016-07-05 04:02:16,978 - org.bluemeric.utility.Utility - searchDesign ] - [ INFO ] - search design successfully 

 [ 2016-07-05 04:05:09,142 - org.bluemeric.utility.Utility - searchDesign ] - [ INFO ] - search design successfully 

 [ 2016-07-05 04:08:01,366 - org.bluemeric.utility.Utility - searchDesign ] - [ INFO ] - search design successfully 

 [ 2016-07-05 04:10:53,552 - org.bluemeric.utility.Utility - searchDesign ] - [ INFO ] - search design successfully 

 [ 2016-07-05 04:13:45,982 - org.bluemeric.utility.Utility - searchDesign ] - [ INFO ] - search design successfully 

 [ 2016-07-05 04:16:39,057 - org.bluemeric.utility.Utility - searchDesign ] - [ INFO ] - search design successfully 

 [ 2016-07-05 04:19:31,552 - org.bluemeric.utility.Utility - searchDesign ] - [ INFO ] - search design successfully 

 [ 2016-07-05 04:22:23,755 - org.bluemeric.utility.Utility - searchDesign ] - [ INFO ] - search design successfully 

 [ 2016-07-05 04:25:15,979 - org.bluemeric.utility.Utility - searchDesign ] - [ INFO ] - search design successfully 

 [ 2016-07-05 04:28:08,209 - org.bluemeric.utility.Utility - searchDesign ] - [ INFO ] - search design successfully 

 [ 2016-07-05 04:31:01,580 - org.bluemeric.utility.Utility - searchDesign ] - [ INFO ] - search design successfully 

 [ 2016-07-05 04:33:53,941 - org.bluemeric.utility.Utility - searchDesign ] - [ INFO ] - search design successfully 

 [ 2016-07-05 04:36:46,582 - org.bluemeric.utility.Utility - searchDesign ] - [ INFO ] - search design successfully 

 [ 2016-07-05 04:39:38,815 - org.bluemeric.utility.Utility - searchDesign ] - [ INFO ] - search design successfully 

 [ 2016-07-05 04:42:31,263 - org.bluemeric.utility.Utility - searchDesign ] - [ INFO ] - search design successfully 

 [ 2016-07-05 04:45:23,508 - org.bluemeric.utility.Utility - searchDesign ] - [ INFO ] - search design successfully 

 [ 2016-07-05 04:48:15,753 - org.bluemeric.utility.Utility - searchDesign ] - [ INFO ] - search design successfully 

 [ 2016-07-05 04:51:08,159 - org.bluemeric.utility.Utility - searchDesign ] - [ INFO ] - search design successfully 

 [ 2016-07-05 04:54:00,437 - org.bluemeric.utility.Utility - searchDesign ] - [ INFO ] - search design successfully 

 [ 2016-07-05 04:56:52,666 - org.bluemeric.utility.Utility - searchDesign ] - [ INFO ] - search design successfully 

 [ 2016-07-05 04:59:44,837 - org.bluemeric.utility.Utility - searchDesign ] - [ INFO ] - search design successfully 

 [ 2016-07-05 05:02:37,046 - org.bluemeric.utility.Utility - searchDesign ] - [ INFO ] - search design successfully 

 [ 2016-07-05 05:05:29,278 - org.bluemeric.utility.Utility - searchDesign ] - [ INFO ] - search design successfully 

 [ 2016-07-05 05:08:21,740 - org.bluemeric.utility.Utility - searchDesign ] - [ INFO ] - search design successfully 

 [ 2016-07-05 05:11:14,108 - org.bluemeric.utility.Utility - searchDesign ] - [ INFO ] - search design successfully 

 [ 2016-07-05 05:14:06,323 - org.bluemeric.utility.Utility - searchDesign ] - [ INFO ] - search design successfully 

 [ 2016-07-05 05:16:59,826 - org.bluemeric.utility.Utility - searchDesign ] - [ INFO ] - search design successfully 

 [ 2016-07-05 05:19:52,195 - org.bluemeric.utility.Utility - searchDesign ] - [ INFO ] - search design successfully 

 [ 2016-07-05 05:22:44,374 - org.bluemeric.utility.Utility - searchDesign ] - [ INFO ] - search design successfully 

 [ 2016-07-05 05:25:36,529 - org.bluemeric.utility.Utility - searchDesign ] - [ INFO ] - search design successfully 

 [ 2016-07-05 05:28:28,809 - org.bluemeric.utility.Utility - searchDesign ] - [ INFO ] - search design successfully 

 [ 2016-07-05 05:31:21,274 - org.bluemeric.utility.Utility - searchDesign ] - [ INFO ] - search design successfully 

 [ 2016-07-05 05:34:13,586 - org.bluemeric.utility.Utility - searchDesign ] - [ INFO ] - search design successfully 

 [ 2016-07-05 05:37:06,304 - org.bluemeric.utility.Utility - searchDesign ] - [ INFO ] - search design successfully 

 [ 2016-07-05 05:39:58,893 - org.bluemeric.utility.Utility - searchDesign ] - [ INFO ] - search design successfully 

 [ 2016-07-05 05:42:51,123 - org.bluemeric.utility.Utility - searchDesign ] - [ INFO ] - search design successfully 

 [ 2016-07-05 05:45:43,329 - org.bluemeric.utility.Utility - searchDesign ] - [ INFO ] - search design successfully 

 [ 2016-07-05 05:48:35,679 - org.bluemeric.utility.Utility - searchDesign ] - [ INFO ] - search design successfully 

 [ 2016-07-05 05:51:27,935 - org.bluemeric.utility.Utility - searchDesign ] - [ INFO ] - search design successfully 

 [ 2016-07-05 05:54:20,197 - org.bluemeric.utility.Utility - searchDesign ] - [ INFO ] - search design successfully 

 [ 2016-07-05 05:57:12,494 - org.bluemeric.utility.Utility - searchDesign ] - [ INFO ] - search design successfully 

 [ 2016-07-05 06:00:04,715 - org.bluemeric.utility.Utility - searchDesign ] - [ INFO ] - search design successfully 

 [ 2016-07-05 06:02:56,882 - org.bluemeric.utility.Utility - searchDesign ] - [ INFO ] - search design successfully 

 [ 2016-07-05 06:05:49,452 - org.bluemeric.utility.Utility - searchDesign ] - [ INFO ] - search design successfully 

 [ 2016-07-05 06:08:41,671 - org.bluemeric.utility.Utility - searchDesign ] - [ INFO ] - search design successfully 

 [ 2016-07-05 06:11:33,949 - org.bluemeric.utility.Utility - searchDesign ] - [ INFO ] - search design successfully 

 [ 2016-07-05 06:14:26,154 - org.bluemeric.utility.Utility - searchDesign ] - [ INFO ] - search design successfully 

 [ 2016-07-05 06:17:20,185 - org.bluemeric.utility.Utility - searchDesign ] - [ INFO ] - search design successfully 

 [ 2016-07-05 06:20:12,367 - org.bluemeric.utility.Utility - searchDesign ] - [ INFO ] - search design successfully 

 [ 2016-07-05 06:23:04,653 - org.bluemeric.utility.Utility - searchDesign ] - [ INFO ] - search design successfully 

 [ 2016-07-05 06:25:56,900 - org.bluemeric.utility.Utility - searchDesign ] - [ INFO ] - search design successfully 

 [ 2016-07-05 07:07:57,823 - org.bluemeric.utility.Utility - searchDesign ] - [ INFO ] - search design successfully 

 [ 2016-07-05 07:09:28,491 - org.bluemeric.utility.Utility - searchDesign ] - [ INFO ] - search design successfully 

 [ 2016-07-05 07:17:06,729 - org.bluemeric.utility.Utility - searchDesign ] - [ INFO ] - search design successfully 

 [ 2016-07-05 07:18:37,325 - org.bluemeric.utility.Utility - searchDesign ] - [ INFO ] - search design successfully 

 [ 2016-07-05 07:26:15,922 - org.bluemeric.utility.Utility - searchDesign ] - [ INFO ] - search design successfully 

 [ 2016-07-05 07:27:46,518 - org.bluemeric.utility.Utility - searchDesign ] - [ INFO ] - search design successfully 

 [ 2016-07-05 07:35:24,368 - org.bluemeric.utility.Utility - searchDesign ] - [ INFO ] - search design successfully 

 [ 2016-07-05 07:36:55,085 - org.bluemeric.utility.Utility - searchDesign ] - [ INFO ] - search design successfully 

 [ 2016-07-05 07:44:33,777 - org.bluemeric.utility.Utility - searchDesign ] - [ INFO ] - search design successfully 

 [ 2016-07-05 07:46:04,473 - org.bluemeric.utility.Utility - searchDesign ] - [ INFO ] - search design successfully 

 [ 2016-07-05 07:54:15,566 - org.bluemeric.utility.Utility - searchDesign ] - [ INFO ] - search design successfully 

 [ 2016-07-05 07:55:46,311 - org.bluemeric.utility.Utility - searchDesign ] - [ INFO ] - search design successfully 

 [ 2016-07-05 08:03:25,575 - org.bluemeric.utility.Utility - searchDesign ] - [ INFO ] - search design successfully 

 [ 2016-07-05 08:04:56,278 - org.bluemeric.utility.Utility - searchDesign ] - [ INFO ] - search design successfully 

 [ 2016-07-05 08:52:09,512 - org.bluemeric.utility.Utility - searchDesign ] - [ INFO ] - search design successfully 

 [ 2016-07-05 08:53:40,262 - org.bluemeric.utility.Utility - searchDesign ] - [ INFO ] - search design successfully 

 [ 2016-07-05 09:01:40,230 - org.bluemeric.utility.Utility - searchDesign ] - [ INFO ] - search design successfully 

 [ 2016-07-05 09:03:11,070 - org.bluemeric.utility.Utility - searchDesign ] - [ INFO ] - search design successfully 

 [ 2016-07-05 10:51:27,337 - org.bluemeric.utility.Utility - searchDesign ] - [ INFO ] - search design successfully 

 [ 2016-07-05 10:55:59,446 - org.bluemeric.utility.Utility - searchDesign ] - [ INFO ] - search design successfully 

 [ 2016-07-05 10:56:50,649 - org.bluemeric.utility.Utility - launchApp ] - [ INFO ] - search design successfully 

 [ 2016-07-05 11:00:24,731 - org.bluemeric.utility.Utility - searchDesign ] - [ INFO ] - search design successfully 

 [ 2016-07-05 11:00:24,840 - org.bluemeric.utility.Utility - launchValidation ] - [ INFO ] - search design successfully 

 [ 2016-07-05 11:03:27,213 - org.bluemeric.utility.Utility - searchDesign ] - [ INFO ] - search design successfully 

 [ 2016-07-05 11:04:19,964 - org.bluemeric.utility.Utility - accessValidation ] - [ INFO ] - search design successfully 

 [ 2016-07-05 11:07:32,752 - org.bluemeric.utility.Utility - searchDesign ] - [ INFO ] - search design successfully 

 [ 2016-07-05 11:10:45,286 - org.bluemeric.utility.Utility - deleteValidation ] - [ INFO ] - search design successfully 

 [ 2016-07-05 11:20:34,381 - org.bluemeric.utility.Utility - searchDesign ] - [ INFO ] - search design successfully 

 [ 2016-07-05 11:25:05,953 - org.bluemeric.utility.Utility - searchDesign ] - [ INFO ] - search design successfully 

 [ 2016-07-05 11:25:57,109 - org.bluemeric.utility.Utility - launchApp ] - [ INFO ] - search design successfully 

 [ 2016-07-05 11:29:31,238 - org.bluemeric.utility.Utility - searchDesign ] - [ INFO ] - search design successfully 

 [ 2016-07-05 11:29:31,342 - org.bluemeric.utility.Utility - launchValidation ] - [ INFO ] - search design successfully 

 [ 2016-07-05 11:32:33,651 - org.bluemeric.utility.Utility - searchDesign ] - [ INFO ] - search design successfully 

 [ 2016-07-05 11:33:24,939 - org.bluemeric.utility.Utility - accessValidation ] - [ INFO ] - search design successfully 

 [ 2016-07-05 11:36:38,095 - org.bluemeric.utility.Utility - searchDesign ] - [ INFO ] - search design successfully 

 [ 2016-07-05 11:39:50,626 - org.bluemeric.utility.Utility - deleteValidation ] - [ INFO ] - search design successfully 

 [ 2016-07-05 11:49:39,952 - org.bluemeric.utility.Utility - searchDesign ] - [ INFO ] - search design successfully 

 [ 2016-07-05 11:54:11,426 - org.bluemeric.utility.Utility - searchDesign ] - [ INFO ] - search design successfully 

 [ 2016-07-05 11:55:02,592 - org.bluemeric.utility.Utility - launchApp ] - [ INFO ] - search design successfully 

 [ 2016-07-05 11:58:36,900 - org.bluemeric.utility.Utility - searchDesign ] - [ INFO ] - search design successfully 

 [ 2016-07-05 11:58:37,004 - org.bluemeric.utility.Utility - launchValidation ] - [ INFO ] - search design successfully 

 [ 2016-07-05 12:01:39,441 - org.bluemeric.utility.Utility - searchDesign ] - [ INFO ] - search design successfully 

 [ 2016-07-05 12:02:32,106 - org.bluemeric.utility.Utility - accessValidation ] - [ INFO ] - search design successfully 

 [ 2016-07-05 12:05:44,790 - org.bluemeric.utility.Utility - searchDesign ] - [ INFO ] - search design successfully 

 [ 2016-07-05 12:08:57,352 - org.bluemeric.utility.Utility - deleteValidation ] - [ INFO ] - search design successfully 

 [ 2016-07-05 12:18:46,212 - org.bluemeric.utility.Utility - searchDesign ] - [ INFO ] - search design successfully 

 [ 2016-07-05 12:23:17,665 - org.bluemeric.utility.Utility - searchDesign ] - [ INFO ] - search design successfully 

 [ 2016-07-05 12:24:08,924 - org.bluemeric.utility.Utility - launchApp ] - [ INFO ] - search design successfully 

 [ 2016-07-05 12:27:43,807 - org.bluemeric.utility.Utility - searchDesign ] - [ INFO ] - search design successfully 

 [ 2016-07-05 12:30:56,092 - org.bluemeric.utility.Utility - searchDesign ] - [ INFO ] - search design successfully 

 [ 2016-07-05 12:30:56,185 - org.bluemeric.utility.Utility - launchValidation ] - [ INFO ] - search design successfully 

 [ 2016-07-05 12:33:58,533 - org.bluemeric.utility.Utility - searchDesign ] - [ INFO ] - search design successfully 

 [ 2016-07-05 12:34:50,880 - org.bluemeric.utility.Utility - accessValidation ] - [ INFO ] - search design successfully 

 [ 2016-07-05 12:38:03,865 - org.bluemeric.utility.Utility - searchDesign ] - [ INFO ] - search design successfully 

 [ 2016-07-05 12:41:17,043 - org.bluemeric.utility.Utility - deleteValidation ] - [ INFO ] - search design successfully 

 [ 2016-07-05 12:51:05,208 - org.bluemeric.utility.Utility - searchDesign ] - [ INFO ] - search design successfully 

 [ 2016-07-05 12:55:36,534 - org.bluemeric.utility.Utility - searchDesign ] - [ INFO ] - search design successfully 

 [ 2016-07-05 12:56:27,820 - org.bluemeric.utility.Utility - launchApp ] - [ INFO ] - search design successfully 

 [ 2016-07-05 13:00:01,783 - org.bluemeric.utility.Utility - searchDesign ] - [ INFO ] - search design successfully 

 [ 2016-07-05 13:00:01,860 - org.bluemeric.utility.Utility - launchValidation ] - [ INFO ] - search design successfully 

 [ 2016-07-05 13:03:04,239 - org.bluemeric.utility.Utility - searchDesign ] - [ INFO ] - search design successfully 

 [ 2016-07-05 13:03:55,762 - org.bluemeric.utility.Utility - accessValidation ] - [ INFO ] - search design successfully 

 [ 2016-07-05 13:07:08,758 - org.bluemeric.utility.Utility - searchDesign ] - [ INFO ] - search design successfully 

 [ 2016-07-05 13:10:21,219 - org.bluemeric.utility.Utility - deleteValidation ] - [ INFO ] - search design successfully 

 [ 2016-07-05 13:20:10,119 - org.bluemeric.utility.Utility - searchDesign ] - [ INFO ] - search design successfully 

 [ 2016-07-05 13:24:41,668 - org.bluemeric.utility.Utility - searchDesign ] - [ INFO ] - search design successfully 

 [ 2016-07-05 13:25:32,829 - org.bluemeric.utility.Utility - launchApp ] - [ INFO ] - search design successfully 

 [ 2016-07-05 13:29:07,685 - org.bluemeric.utility.Utility - searchDesign ] - [ INFO ] - search design successfully 

 [ 2016-07-05 13:29:07,787 - org.bluemeric.utility.Utility - launchValidation ] - [ INFO ] - search design successfully 

 [ 2016-07-05 13:32:10,255 - org.bluemeric.utility.Utility - searchDesign ] - [ INFO ] - search design successfully 

 [ 2016-07-05 13:33:01,599 - org.bluemeric.utility.Utility - accessValidation ] - [ INFO ] - search design successfully 

 [ 2016-07-05 13:36:14,629 - org.bluemeric.utility.Utility - searchDesign ] - [ INFO ] - search design successfully 

 [ 2016-07-05 13:39:27,195 - org.bluemeric.utility.Utility - deleteValidation ] - [ INFO ] - search design successfully 

 [ 2016-07-05 13:49:46,520 - org.bluemeric.utility.Utility - searchDesign ] - [ INFO ] - search design successfully 

 [ 2016-07-05 13:54:48,062 - org.bluemeric.utility.Utility - searchDesign ] - [ INFO ] - search design successfully 

 [ 2016-07-05 13:55:39,179 - org.bluemeric.utility.Utility - launchApp ] - [ INFO ] - search design successfully 

 [ 2016-07-05 13:59:13,324 - org.bluemeric.utility.Utility - searchDesign ] - [ INFO ] - search design successfully 

 [ 2016-07-05 13:59:13,445 - org.bluemeric.utility.Utility - launchValidation ] - [ INFO ] - search design successfully 

 [ 2016-07-05 14:02:15,863 - org.bluemeric.utility.Utility - searchDesign ] - [ INFO ] - search design successfully 

 [ 2016-07-05 14:03:06,883 - org.bluemeric.utility.Utility - accessValidation ] - [ INFO ] - search design successfully 

 [ 2016-07-05 14:06:19,651 - org.bluemeric.utility.Utility - searchDesign ] - [ INFO ] - search design successfully 

 [ 2016-07-05 14:09:32,289 - org.bluemeric.utility.Utility - deleteValidation ] - [ INFO ] - search design successfully 

 [ 2016-07-05 14:19:51,789 - org.bluemeric.utility.Utility - searchDesign ] - [ INFO ] - search design successfully 

 [ 2016-07-05 14:24:53,259 - org.bluemeric.utility.Utility - searchDesign ] - [ INFO ] - search design successfully 

 [ 2016-07-05 14:25:44,383 - org.bluemeric.utility.Utility - launchApp ] - [ INFO ] - search design successfully 

 [ 2016-07-05 14:29:19,350 - org.bluemeric.utility.Utility - searchDesign ] - [ INFO ] - search design successfully 

 [ 2016-07-05 14:29:19,456 - org.bluemeric.utility.Utility - launchValidation ] - [ INFO ] - search design successfully 

 [ 2016-07-05 14:32:21,784 - org.bluemeric.utility.Utility - searchDesign ] - [ INFO ] - search design successfully 

 [ 2016-07-05 14:33:13,011 - org.bluemeric.utility.Utility - accessValidation ] - [ INFO ] - search design successfully 

 [ 2016-07-05 14:36:25,986 - org.bluemeric.utility.Utility - searchDesign ] - [ INFO ] - search design successfully 

 [ 2016-07-05 14:39:38,449 - org.bluemeric.utility.Utility - deleteValidation ] - [ INFO ] - search design successfully 

 [ 2016-07-05 15:28:17,240 - org.bluemeric.utility.Utility - searchDesign ] - [ INFO ] - search design successfully 

 [ 2016-07-05 15:32:48,801 - org.bluemeric.utility.Utility - searchDesign ] - [ INFO ] - search design successfully 

 [ 2016-07-05 15:33:40,152 - org.bluemeric.utility.Utility - launchApp ] - [ INFO ] - search design successfully 

 [ 2016-07-05 15:37:15,461 - org.bluemeric.utility.Utility - searchDesign ] - [ INFO ] - search design successfully 

 [ 2016-07-05 15:37:15,590 - org.bluemeric.utility.Utility - launchValidation ] - [ INFO ] - search design successfully 

 [ 2016-07-05 15:40:18,126 - org.bluemeric.utility.Utility - searchDesign ] - [ INFO ] - search design successfully 

 [ 2016-07-05 15:41:10,239 - org.bluemeric.utility.Utility - accessValidation ] - [ INFO ] - search design successfully 

 [ 2016-07-05 15:44:21,986 - org.bluemeric.utility.Utility - searchDesign ] - [ INFO ] - search design successfully 

 [ 2016-07-05 15:47:34,875 - org.bluemeric.utility.Utility - deleteValidation ] - [ INFO ] - search design successfully 

 [ 2016-07-05 16:10:54,240 - org.bluemeric.utility.Utility - searchDesign ] - [ INFO ] - search design successfully 

 [ 2016-07-05 16:15:26,012 - org.bluemeric.utility.Utility - searchDesign ] - [ INFO ] - search design successfully 

 [ 2016-07-05 16:16:37,373 - org.bluemeric.utility.Utility - launchApp ] - [ INFO ] - search design successfully 

 [ 2016-07-05 16:20:11,153 - org.bluemeric.utility.Utility - searchDesign ] - [ INFO ] - search design successfully 

 [ 2016-07-05 16:20:11,265 - org.bluemeric.utility.Utility - launchValidation ] - [ INFO ] - search design successfully 

 [ 2016-07-05 16:23:13,877 - org.bluemeric.utility.Utility - searchDesign ] - [ INFO ] - search design successfully 

 [ 2016-07-05 16:24:06,218 - org.bluemeric.utility.Utility - accessValidation ] - [ INFO ] - search design successfully 

 [ 2016-07-05 16:27:19,098 - org.bluemeric.utility.Utility - searchDesign ] - [ INFO ] - search design successfully 

 [ 2016-07-05 16:30:31,868 - org.bluemeric.utility.Utility - deleteValidation ] - [ INFO ] - search design successfully 

 [ 2016-07-05 16:40:21,477 - org.bluemeric.utility.Utility - searchDesign ] - [ INFO ] - search design successfully 

 [ 2016-07-05 16:44:53,326 - org.bluemeric.utility.Utility - searchDesign ] - [ INFO ] - search design successfully 

 [ 2016-07-05 16:46:04,605 - org.bluemeric.utility.Utility - launchApp ] - [ INFO ] - search design successfully 

 [ 2016-07-05 16:49:29,413 - org.bluemeric.utility.Utility - searchDesign ] - [ INFO ] - search design successfully 

 [ 2016-07-05 16:52:41,987 - org.bluemeric.utility.Utility - deleteValidation ] - [ INFO ] - search design successfully 

 [ 2016-07-05 17:02:31,212 - org.bluemeric.utility.Utility - searchDesign ] - [ INFO ] - search design successfully 

 [ 2016-07-05 17:07:02,772 - org.bluemeric.utility.Utility - searchDesign ] - [ INFO ] - search design successfully 

 [ 2016-07-05 17:08:13,966 - org.bluemeric.utility.Utility - launchApp ] - [ INFO ] - search design successfully 

 [ 2016-07-05 17:11:47,992 - org.bluemeric.utility.Utility - searchDesign ] - [ INFO ] - search design successfully 

 [ 2016-07-05 17:11:48,093 - org.bluemeric.utility.Utility - launchValidation ] - [ INFO ] - search design successfully 

 [ 2016-07-05 17:14:50,339 - org.bluemeric.utility.Utility - searchDesign ] - [ INFO ] - search design successfully 

 [ 2016-07-05 17:15:43,456 - org.bluemeric.utility.Utility - accessValidation ] - [ INFO ] - search design successfully 

 [ 2016-07-05 17:18:56,012 - org.bluemeric.utility.Utility - searchDesign ] - [ INFO ] - search design successfully 

 [ 2016-07-05 17:22:08,511 - org.bluemeric.utility.Utility - deleteValidation ] - [ INFO ] - search design successfully 

 [ 2016-07-05 18:31:32,097 - org.bluemeric.utility.Utility - searchDesign ] - [ INFO ] - search design successfully 

 [ 2016-07-05 18:37:16,794 - org.bluemeric.utility.Utility - searchDesign ] - [ INFO ] - search design successfully 

 [ 2016-07-05 18:38:28,011 - org.bluemeric.utility.Utility - launchApp ] - [ INFO ] - search design successfully 

 [ 2016-07-05 18:42:52,396 - org.bluemeric.utility.Utility - searchDesign ] - [ INFO ] - search design successfully 

 [ 2016-07-05 18:46:54,901 - org.bluemeric.utility.Utility - searchDesign ] - [ INFO ] - search design successfully 

 [ 2016-07-05 18:46:54,983 - org.bluemeric.utility.Utility - launchValidation ] - [ INFO ] - search design successfully 

 [ 2016-07-05 18:50:47,257 - org.bluemeric.utility.Utility - searchDesign ] - [ INFO ] - search design successfully 

 [ 2016-07-05 18:51:39,675 - org.bluemeric.utility.Utility - accessValidation ] - [ INFO ] - search design successfully 

 [ 2016-07-05 18:55:41,802 - org.bluemeric.utility.Utility - searchDesign ] - [ INFO ] - search design successfully 

 [ 2016-07-05 18:58:54,230 - org.bluemeric.utility.Utility - deleteValidation ] - [ INFO ] - search design successfully 

 [ 2016-07-05 19:09:53,271 - org.bluemeric.utility.Utility - searchDesign ] - [ INFO ] - search design successfully 

 [ 2016-07-05 19:15:34,849 - org.bluemeric.utility.Utility - searchDesign ] - [ INFO ] - search design successfully 

 [ 2016-07-05 19:16:45,995 - org.bluemeric.utility.Utility - launchApp ] - [ INFO ] - search design successfully 

 [ 2016-07-05 19:21:10,835 - org.bluemeric.utility.Utility - searchDesign ] - [ INFO ] - search design successfully 

 [ 2016-07-05 19:21:10,978 - org.bluemeric.utility.Utility - launchValidation ] - [ INFO ] - search design successfully 

 [ 2016-07-05 19:25:03,486 - org.bluemeric.utility.Utility - searchDesign ] - [ INFO ] - search design successfully 

 [ 2016-07-05 19:25:54,603 - org.bluemeric.utility.Utility - accessValidation ] - [ INFO ] - search design successfully 

 [ 2016-07-05 19:29:57,563 - org.bluemeric.utility.Utility - searchDesign ] - [ INFO ] - search design successfully 

 [ 2016-07-05 19:33:10,635 - org.bluemeric.utility.Utility - deleteValidation ] - [ INFO ] - search design successfully 

 [ 2016-07-05 19:44:09,945 - org.bluemeric.utility.Utility - searchDesign ] - [ INFO ] - search design successfully 

 [ 2016-07-05 19:49:51,396 - org.bluemeric.utility.Utility - searchDesign ] - [ INFO ] - search design successfully 

 [ 2016-07-05 19:51:02,537 - org.bluemeric.utility.Utility - launchApp ] - [ INFO ] - search design successfully 

 [ 2016-07-05 19:55:26,524 - org.bluemeric.utility.Utility - searchDesign ] - [ INFO ] - search design successfully 

 [ 2016-07-05 19:55:26,630 - org.bluemeric.utility.Utility - launchValidation ] - [ INFO ] - search design successfully 

 [ 2016-07-05 19:59:19,013 - org.bluemeric.utility.Utility - searchDesign ] - [ INFO ] - search design successfully 

 [ 2016-07-05 20:00:11,680 - org.bluemeric.utility.Utility - accessValidation ] - [ INFO ] - search design successfully 

 [ 2016-07-05 20:04:14,255 - org.bluemeric.utility.Utility - searchDesign ] - [ INFO ] - search design successfully 

 [ 2016-07-05 20:07:27,249 - org.bluemeric.utility.Utility - deleteValidation ] - [ INFO ] - search design successfully 

 [ 2016-07-05 20:18:26,086 - org.bluemeric.utility.Utility - searchDesign ] - [ INFO ] - search design successfully 

 [ 2016-07-05 20:24:07,493 - org.bluemeric.utility.Utility - searchDesign ] - [ INFO ] - search design successfully 

 [ 2016-07-05 20:25:18,824 - org.bluemeric.utility.Utility - launchApp ] - [ INFO ] - search design successfully 

 [ 2016-07-05 20:29:43,983 - org.bluemeric.utility.Utility - searchDesign ] - [ INFO ] - search design successfully 

 [ 2016-07-05 20:29:44,088 - org.bluemeric.utility.Utility - launchValidation ] - [ INFO ] - search design successfully 

 [ 2016-07-05 20:33:36,344 - org.bluemeric.utility.Utility - searchDesign ] - [ INFO ] - search design successfully 

 [ 2016-07-05 20:34:28,973 - org.bluemeric.utility.Utility - accessValidation ] - [ INFO ] - search design successfully 

 [ 2016-07-05 20:38:31,878 - org.bluemeric.utility.Utility - searchDesign ] - [ INFO ] - search design successfully 

 [ 2016-07-05 20:41:44,953 - org.bluemeric.utility.Utility - deleteValidation ] - [ INFO ] - search design successfully 

 [ 2016-07-05 21:20:45,409 - org.bluemeric.utility.Utility - searchDesign ] - [ INFO ] - search design successfully 

 [ 2016-07-05 21:22:26,141 - org.bluemeric.utility.Utility - searchDesign ] - [ INFO ] - search design successfully 

 [ 2016-07-05 21:23:37,278 - org.bluemeric.utility.Utility - launchApp ] - [ INFO ] - search design successfully 

 [ 2016-07-05 21:36:01,223 - org.bluemeric.utility.Utility - searchDesign ] - [ INFO ] - search design successfully 

 [ 2016-07-05 21:37:41,881 - org.bluemeric.utility.Utility - searchDesign ] - [ INFO ] - search design successfully 

 [ 2016-07-05 21:38:53,001 - org.bluemeric.utility.Utility - launchApp ] - [ INFO ] - search design successfully 

 [ 2016-07-05 21:48:03,735 - org.bluemeric.utility.Utility - searchDesign ] - [ INFO ] - search design successfully 

 [ 2016-07-05 21:49:44,416 - org.bluemeric.utility.Utility - searchDesign ] - [ INFO ] - search design successfully 

 [ 2016-07-05 21:50:55,663 - org.bluemeric.utility.Utility - launchApp ] - [ INFO ] - search design successfully 

 [ 2016-07-05 22:00:45,901 - org.bluemeric.utility.Utility - searchDesign ] - [ INFO ] - search design successfully 

 [ 2016-07-05 22:02:26,550 - org.bluemeric.utility.Utility - searchDesign ] - [ INFO ] - search design successfully 

 [ 2016-07-05 22:03:37,718 - org.bluemeric.utility.Utility - launchApp ] - [ INFO ] - search design successfully 

 [ 2016-07-05 22:12:29,194 - org.bluemeric.utility.Utility - searchDesign ] - [ INFO ] - search design successfully 

 [ 2016-07-05 22:14:09,870 - org.bluemeric.utility.Utility - searchDesign ] - [ INFO ] - search design successfully 

 [ 2016-07-05 22:22:49,667 - org.bluemeric.utility.Utility - searchDesign ] - [ INFO ] - search design successfully 

 [ 2016-07-05 22:24:30,358 - org.bluemeric.utility.Utility - searchDesign ] - [ INFO ] - search design successfully 

 [ 2016-07-05 22:33:10,386 - org.bluemeric.utility.Utility - searchDesign ] - [ INFO ] - search design successfully 

 [ 2016-07-05 22:34:51,056 - org.bluemeric.utility.Utility - searchDesign ] - [ INFO ] - search design successfully 

 [ 2016-07-05 22:46:05,013 - org.bluemeric.utility.Utility - searchDesign ] - [ INFO ] - search design successfully 

 [ 2016-07-05 22:47:45,726 - org.bluemeric.utility.Utility - searchDesign ] - [ INFO ] - search design successfully 

 [ 2016-07-05 22:48:56,817 - org.bluemeric.utility.Utility - launchApp ] - [ INFO ] - search design successfully 

 [ 2016-07-05 22:51:20,358 - org.bluemeric.utility.Utility - searchDesign ] - [ INFO ] - search design successfully 

 [ 2016-07-05 23:03:14,967 - org.bluemeric.utility.Utility - searchDesign ] - [ INFO ] - search design successfully 

 [ 2016-07-05 23:04:55,630 - org.bluemeric.utility.Utility - searchDesign ] - [ INFO ] - search design successfully 

 [ 2016-07-05 23:06:06,755 - org.bluemeric.utility.Utility - launchApp ] - [ INFO ] - search design successfully 

 [ 2016-07-05 23:21:56,780 - org.bluemeric.utility.Utility - searchDesign ] - [ INFO ] - search design successfully 

 [ 2016-07-05 23:23:37,442 - org.bluemeric.utility.Utility - searchDesign ] - [ INFO ] - search design successfully 

 [ 2016-07-05 23:24:48,527 - org.bluemeric.utility.Utility - launchApp ] - [ INFO ] - search design successfully 

 [ 2016-07-05 23:37:03,718 - org.bluemeric.utility.Utility - searchDesign ] - [ INFO ] - search design successfully 

 [ 2016-07-05 23:38:44,432 - org.bluemeric.utility.Utility - searchDesign ] - [ INFO ] - search design successfully 

 [ 2016-07-05 23:39:55,534 - org.bluemeric.utility.Utility - launchApp ] - [ INFO ] - search design successfully 

 [ 2016-07-05 23:52:10,778 - org.bluemeric.utility.Utility - searchDesign ] - [ INFO ] - search design successfully 

 [ 2016-07-05 23:53:51,524 - org.bluemeric.utility.Utility - searchDesign ] - [ INFO ] - search design successfully 

 [ 2016-07-05 23:55:02,669 - org.bluemeric.utility.Utility - launchApp ] - [ INFO ] - search design successfully 

 [ 2016-07-06 00:15:09,816 - org.bluemeric.utility.Utility - searchDesign ] - [ INFO ] - search design successfully 

 [ 2016-07-06 00:26:49,571 - org.bluemeric.utility.Utility - searchDesign ] - [ INFO ] - search design successfully 

 [ 2016-07-06 00:32:31,094 - org.bluemeric.utility.Utility - searchDesign ] - [ INFO ] - search design successfully 

 [ 2016-07-06 00:47:43,095 - org.bluemeric.utility.Utility - searchDesign ] - [ INFO ] - search design successfully 

 [ 2016-07-06 00:53:24,485 - org.bluemeric.utility.Utility - searchDesign ] - [ INFO ] - search design successfully 

 [ 2016-07-06 01:08:35,531 - org.bluemeric.utility.Utility - searchDesign ] - [ INFO ] - search design successfully 

 [ 2016-07-06 01:14:16,928 - org.bluemeric.utility.Utility - searchDesign ] - [ INFO ] - search design successfully 

 [ 2016-07-06 01:29:30,222 - org.bluemeric.utility.Utility - searchDesign ] - [ INFO ] - search design successfully 

 [ 2016-07-06 01:35:11,469 - org.bluemeric.utility.Utility - searchDesign ] - [ INFO ] - search design successfully 

 [ 2016-07-06 01:50:22,060 - org.bluemeric.utility.Utility - searchDesign ] - [ INFO ] - search design successfully 

 [ 2016-07-06 01:56:03,467 - org.bluemeric.utility.Utility - searchDesign ] - [ INFO ] - search design successfully 

 [ 2016-07-06 02:11:54,772 - org.bluemeric.utility.Utility - searchDesign ] - [ INFO ] - search design successfully 

 [ 2016-07-06 02:18:16,296 - org.bluemeric.utility.Utility - searchDesign ] - [ INFO ] - search design successfully 

 [ 2016-07-06 02:34:08,495 - org.bluemeric.utility.Utility - searchDesign ] - [ INFO ] - search design successfully 

 [ 2016-07-06 02:40:29,859 - org.bluemeric.utility.Utility - searchDesign ] - [ INFO ] - search design successfully 

 [ 2016-07-06 02:58:56,078 - org.bluemeric.utility.Utility - searchDesign ] - [ INFO ] - search design successfully 

 [ 2016-07-06 03:05:17,464 - org.bluemeric.utility.Utility - searchDesign ] - [ INFO ] - search design successfully 

 [ 2016-07-06 03:23:33,875 - org.bluemeric.utility.Utility - searchDesign ] - [ INFO ] - search design successfully 

 [ 2016-07-06 03:29:55,358 - org.bluemeric.utility.Utility - searchDesign ] - [ INFO ] - search design successfully 

 [ 2016-07-06 03:48:11,106 - org.bluemeric.utility.Utility - searchDesign ] - [ INFO ] - search design successfully 

 [ 2016-07-06 03:54:32,724 - org.bluemeric.utility.Utility - searchDesign ] - [ INFO ] - search design successfully 

 [ 2016-07-06 04:12:47,851 - org.bluemeric.utility.Utility - searchDesign ] - [ INFO ] - search design successfully 

 [ 2016-07-06 04:19:09,299 - org.bluemeric.utility.Utility - searchDesign ] - [ INFO ] - search design successfully 

 [ 2016-07-06 04:37:24,793 - org.bluemeric.utility.Utility - searchDesign ] - [ INFO ] - search design successfully 

 [ 2016-07-06 04:43:46,328 - org.bluemeric.utility.Utility - searchDesign ] - [ INFO ] - search design successfully 

 [ 2016-07-06 05:02:01,950 - org.bluemeric.utility.Utility - searchDesign ] - [ INFO ] - search design successfully 

 [ 2016-07-06 05:08:23,426 - org.bluemeric.utility.Utility - searchDesign ] - [ INFO ] - search design successfully 
